<?xml version="1.0" encoding="UTF-8"?>
<testng-results ignored="3" total="5" passed="2" failed="0" skipped="0">
  <reporter-output>
  </reporter-output>
  <suite started-at="2022-09-19T20:13:54Z" name="Suite" finished-at="2022-09-19T20:14:09Z" duration-ms="14286">
    <groups>
      <group name="Purchase">
        <method signature="SubmitOrderTest.submitOrder(java.util.HashMap)[pri:0, instance:rahulshettyacademy.tests.SubmitOrderTest@2a8448fa]" name="submitOrder" class="rahulshettyacademy.tests.SubmitOrderTest"/>
      </group> <!-- Purchase -->
    </groups>
    <test started-at="2022-09-19T20:13:54Z" name="Error Validations Test" finished-at="2022-09-19T20:13:54Z" duration-ms="13">
    </test> <!-- Error Validations Test -->
    <test started-at="2022-09-19T20:13:54Z" name="Submit Order Test" finished-at="2022-09-19T20:14:09Z" duration-ms="14286">
      <class name="rahulshettyacademy.tests.SubmitOrderTest">
        <test-method is-config="true" signature="launchApplication()[pri:0, instance:rahulshettyacademy.tests.SubmitOrderTest@2a8448fa]" started-at="2022-09-19T20:13:55Z" name="launchApplication" finished-at="2022-09-19T20:13:59Z" duration-ms="4582" status="PASS">
          <reporter-output>
          </reporter-output>
        </test-method> <!-- launchApplication -->
        <test-method signature="submitOrder(java.util.HashMap)[pri:0, instance:rahulshettyacademy.tests.SubmitOrderTest@2a8448fa]" started-at="2022-09-19T20:13:59Z" name="submitOrder" data-provider="getData" finished-at="2022-09-19T20:14:03Z" duration-ms="3395" status="PASS">
          <params>
            <param index="0">
              <value>
                <![CDATA[{password=Iamking@000, product=ZARA COAT 3, email=anshika@gmail.com}]]>
              </value>
            </param>
          </params>
          <reporter-output>
          </reporter-output>
        </test-method> <!-- submitOrder -->
        <test-method is-config="true" signature="tearDown()[pri:0, instance:rahulshettyacademy.tests.SubmitOrderTest@2a8448fa]" started-at="2022-09-19T20:14:03Z" name="tearDown" finished-at="2022-09-19T20:14:03Z" duration-ms="141" status="PASS">
          <reporter-output>
          </reporter-output>
        </test-method> <!-- tearDown -->
        <test-method is-config="true" signature="launchApplication()[pri:0, instance:rahulshettyacademy.tests.SubmitOrderTest@2a8448fa]" started-at="2022-09-19T20:14:03Z" name="launchApplication" finished-at="2022-09-19T20:14:05Z" duration-ms="2292" status="PASS">
          <reporter-output>
          </reporter-output>
        </test-method> <!-- launchApplication -->
        <test-method signature="submitOrder(java.util.HashMap)[pri:0, instance:rahulshettyacademy.tests.SubmitOrderTest@2a8448fa]" started-at="2022-09-19T20:14:05Z" name="submitOrder" data-provider="getData" finished-at="2022-09-19T20:14:08Z" duration-ms="3361" status="PASS">
          <params>
            <param index="0">
              <value>
                <![CDATA[{password=Iamking@000, product=ADIDAS ORIGINAL, email=shetty@gmail.com}]]>
              </value>
            </param>
          </params>
          <reporter-output>
          </reporter-output>
        </test-method> <!-- submitOrder -->
        <test-method is-config="true" signature="tearDown()[pri:0, instance:rahulshettyacademy.tests.SubmitOrderTest@2a8448fa]" started-at="2022-09-19T20:14:08Z" name="tearDown" finished-at="2022-09-19T20:14:09Z" duration-ms="155" status="PASS">
          <reporter-output>
          </reporter-output>
        </test-method> <!-- tearDown -->
      </class> <!-- rahulshettyacademy.tests.SubmitOrderTest -->
    </test> <!-- Submit Order Test -->
  </suite> <!-- Suite -->
</testng-results>
