<?xml version="1.0" encoding="UTF-8"?>
<testng-results skipped="0" failed="0" ignored="0" total="1" passed="1">
  <reporter-output>
  </reporter-output>
  <suite name="Surefire suite" duration-ms="20990" started-at="2022-08-13T15:50:50Z" finished-at="2022-08-13T15:51:11Z">
    <groups>
      <group name="cucumber">
        <method signature="AbstractTestNGCucumberTests.runScenario(io.cucumber.testng.PickleWrapper, io.cucumber.testng.FeatureWrapper)[pri:0, instance:cucumber.TestNGTestRunner@59ec2012]" name="runScenario" class="io.cucumber.testng.AbstractTestNGCucumberTests"/>
      </group> <!-- cucumber -->
    </groups>
    <test name="Surefire test" duration-ms="20990" started-at="2022-08-13T15:50:50Z" finished-at="2022-08-13T15:51:11Z">
      <class name="cucumber.TestNGTestRunner">
        <test-method status="PASS" signature="setUpClass(org.testng.ITestContext)[pri:0, instance:cucumber.TestNGTestRunner@59ec2012]" name="setUpClass" is-config="true" duration-ms="1051" started-at="2022-08-13T15:50:50Z" finished-at="2022-08-13T15:50:51Z">
          <params>
            <param index="0">
              <value>
                <![CDATA[org.testng.TestRunner@1debc91c]]>
              </value>
            </param>
          </params>
          <reporter-output>
          </reporter-output>
        </test-method> <!-- setUpClass -->
        <test-method status="PASS" signature="runScenario(io.cucumber.testng.PickleWrapper, io.cucumber.testng.FeatureWrapper)[pri:0, instance:cucumber.TestNGTestRunner@59ec2012]" name="runScenario" duration-ms="19859" started-at="2022-08-13T15:50:51Z" description="Runs Cucumber Scenarios" data-provider="scenarios" finished-at="2022-08-13T15:51:11Z">
          <params>
            <param index="0">
              <value>
                <![CDATA["Positive Test of Submitting the order"]]>
              </value>
            </param>
            <param index="1">
              <value>
                <![CDATA["Purchase the order from Ecommerce Website"]]>
              </value>
            </param>
          </params>
          <reporter-output>
          </reporter-output>
        </test-method> <!-- runScenario -->
        <test-method status="PASS" signature="tearDownClass()[pri:0, instance:cucumber.TestNGTestRunner@59ec2012]" name="tearDownClass" is-config="true" duration-ms="55" started-at="2022-08-13T15:51:11Z" finished-at="2022-08-13T15:51:11Z">
          <reporter-output>
          </reporter-output>
        </test-method> <!-- tearDownClass -->
      </class> <!-- cucumber.TestNGTestRunner -->
    </test> <!-- Surefire test -->
  </suite> <!-- Surefire suite -->
</testng-results>
