<?xml version="1.0" encoding="UTF-8"?>
<!-- Generated by org.testng.reporters.JUnitXMLReporter -->
<testsuite hostname="MacBook-Pro.attlocal.net" ignored="0" name="Error Validations Test" tests="2" failures="0" timestamp="06 Aug 2022 15:08:22 GMT" time="24.841" errors="0">
  <testcase name="LoginErrorValidation" time="2.147" classname="rahulshettyacademy.tests.ErrorValidationsTest"/>
  <testcase name="ProductErrorValidation" time="9.043" classname="rahulshettyacademy.tests.ErrorValidationsTest"/>
</testsuite> <!-- Error Validations Test -->
