<?xml version="1.0" encoding="UTF-8"?>
<!-- Generated by org.testng.reporters.JUnitXMLReporter -->
<testsuite hostname="MacBook-Pro.attlocal.net" ignored="0" name="Submit Order Test" tests="3" failures="0" timestamp="06 Aug 2022 15:08:44 GMT" time="46.335" errors="0">
  <testcase name="submitOrder" time="11.017" classname="rahulshettyacademy.tests.SubmitOrderTest"/>
  <testcase name="submitOrder" time="10.361" classname="rahulshettyacademy.tests.SubmitOrderTest"/>
  <testcase name="OrderHistoryTest" time="4.829" classname="rahulshettyacademy.tests.SubmitOrderTest"/>
</testsuite> <!-- Submit Order Test -->
